#error clnk Release\stm8s207.lkf:54 Release\stm8s_uart3.o: section boundary crossing (.text:006a) c_ltor
#error clnk Release\stm8s207.lkf:54 Release\stm8s_uart3.o: section boundary crossing (.text:006f) c_llsh
#error clnk Release\stm8s207.lkf:54 Release\stm8s_uart3.o: section boundary crossing (.text:0074) c_rtol
#error clnk Release\stm8s207.lkf:54 Release\stm8s_uart3.o: section boundary crossing (.text:007c) c_ludv
#error clnk Release\stm8s207.lkf:54 Release\stm8s_uart3.o: section boundary crossing (.text:0083) c_rtol
#error clnk Release\stm8s207.lkf:54 Release\stm8s_uart3.o: section boundary crossing (.text:008a) c_ltor
#error clnk Release\stm8s207.lkf:54 Release\stm8s_uart3.o: section boundary crossing (.text:008f) c_llsh
#error clnk Release\stm8s207.lkf:54 Release\stm8s_uart3.o: section boundary crossing (.text:0094) c_rtol
#error clnk Release\stm8s207.lkf:54 Release\stm8s_uart3.o: section boundary crossing (.text:009c) c_smul
#error clnk Release\stm8s207.lkf:54 Release\stm8s_uart3.o: section boundary crossing (.text:00a1) c_ludv
#error clnk Release\stm8s207.lkf:54 Release\stm8s_uart3.o: section boundary crossing (.text:00a8) c_rtol
#error clnk Release\stm8s207.lkf:54 Release\stm8s_uart3.o: section boundary crossing (.text:00af) c_ltor
#error clnk Release\stm8s207.lkf:54 Release\stm8s_uart3.o: section boundary crossing (.text:00b4) c_smul
#error clnk Release\stm8s207.lkf:54 Release\stm8s_uart3.o: section boundary crossing (.text:00b9) c_rtol
#error clnk Release\stm8s207.lkf:54 Release\stm8s_uart3.o: section boundary crossing (.text:00c0) c_ltor
#error clnk Release\stm8s207.lkf:54 Release\stm8s_uart3.o: section boundary crossing (.text:00c5) c_lsub
#error clnk Release\stm8s207.lkf:54 Release\stm8s_uart3.o: section boundary crossing (.text:00ca) c_llsh
#error clnk Release\stm8s207.lkf:54 Release\stm8s_uart3.o: section boundary crossing (.text:00d0) c_ludv
#error clnk Release\stm8s207.lkf:54 Release\stm8s_uart3.o: section boundary crossing (.text:00dd) c_ltor
#error clnk Release\stm8s207.lkf:54 Release\stm8s_uart3.o: section boundary crossing (.text:00e2) c_lursh
#error clnk Release\stm8s207.lkf:56 Release\uart.o: section boundary crossing (.text:01a8) c_lgadc
#error clnk Release\stm8s207.lkf:56 Release\uart.o: section boundary crossing (.text:01ad) c_ltor
#error clnk Release\stm8s207.lkf:56 Release\uart.o: section boundary crossing (.text:01b3) c_lcmp
#error clnk Release\stm8s207.lkf:56 Release\uart.o: section boundary crossing (.text:01fa) c_lgadc
#error clnk Release\stm8s207.lkf:56 Release\uart.o: section boundary crossing (.text:01ff) c_ltor
#error clnk Release\stm8s207.lkf:56 Release\uart.o: section boundary crossing (.text:0205) c_lcmp
#error clnk Release\stm8s207.lkf:56 Release\uart.o: section boundary crossing (.text:026c) c_lgadc
#error clnk Release\stm8s207.lkf:56 Release\uart.o: section boundary crossing (.text:0271) c_ltor
#error clnk Release\stm8s207.lkf:56 Release\uart.o: section boundary crossing (.text:0277) c_lcmp
#error clnk Release\stm8s207.lkf:56 Release\uart.o: section boundary crossing (.text:0299) c_lgadc
#error clnk Release\stm8s207.lkf:56 Release\uart.o: section boundary crossing (.text:029e) c_ltor
#error clnk Release\stm8s207.lkf:56 Release\uart.o: section boundary crossing (.text:02a4) c_lcmp
#error clnk Release\stm8s207.lkf:57 Release\stm8s_uart1.o: section boundary crossing (.text:0047) c_ltor
#error clnk Release\stm8s207.lkf:57 Release\stm8s_uart1.o: section boundary crossing (.text:004c) c_llsh
#error clnk Release\stm8s207.lkf:57 Release\stm8s_uart1.o: section boundary crossing (.text:0051) c_rtol
#error clnk Release\stm8s207.lkf:57 Release\stm8s_uart1.o: section boundary crossing (.text:0059) c_ludv
#error clnk Release\stm8s207.lkf:57 Release\stm8s_uart1.o: section boundary crossing (.text:0060) c_rtol
#error clnk Release\stm8s207.lkf:57 Release\stm8s_uart1.o: section boundary crossing (.text:0067) c_ltor
#error clnk Release\stm8s207.lkf:57 Release\stm8s_uart1.o: section boundary crossing (.text:006c) c_llsh
#error clnk Release\stm8s207.lkf:57 Release\stm8s_uart1.o: section boundary crossing (.text:0071) c_rtol
#error clnk Release\stm8s207.lkf:57 Release\stm8s_uart1.o: section boundary crossing (.text:0079) c_smul
#error clnk Release\stm8s207.lkf:57 Release\stm8s_uart1.o: section boundary crossing (.text:007e) c_ludv
#error clnk Release\stm8s207.lkf:57 Release\stm8s_uart1.o: section boundary crossing (.text:0085) c_rtol
#error clnk Release\stm8s207.lkf:57 Release\stm8s_uart1.o: section boundary crossing (.text:008c) c_ltor
#error clnk Release\stm8s207.lkf:57 Release\stm8s_uart1.o: section boundary crossing (.text:0091) c_smul
#error clnk Release\stm8s207.lkf:57 Release\stm8s_uart1.o: section boundary crossing (.text:0096) c_rtol
#error clnk Release\stm8s207.lkf:57 Release\stm8s_uart1.o: section boundary crossing (.text:009d) c_ltor
#error clnk Release\stm8s207.lkf:57 Release\stm8s_uart1.o: section boundary crossing (.text:00a2) c_lsub
#error clnk Release\stm8s207.lkf:57 Release\stm8s_uart1.o: section boundary crossing (.text:00a7) c_llsh
#error clnk Release\stm8s207.lkf:57 Release\stm8s_uart1.o: section boundary crossing (.text:00ad) c_ludv
#error clnk Release\stm8s207.lkf:57 Release\stm8s_uart1.o: section boundary crossing (.text:00be) c_ltor
#error clnk Release\stm8s207.lkf:57 Release\stm8s_uart1.o: section boundary crossing (.text:00c3) c_lursh
#error clnk Release\stm8s207.lkf:58 Release\ir.o: section boundary crossing (.text:0176) c_ltor
#error clnk Release\stm8s207.lkf:58 Release\ir.o: section boundary crossing (.text:017c) c_lcmp
#error clnk Release\stm8s207.lkf:58 Release\ir.o: section boundary crossing (.text:01a1) _SWI2C_ToggleI2CMode
#error clnk Release\stm8s207.lkf:58 Release\ir.o: section boundary crossing (.text:01a6) _SWI2C_Toggle3DOnOff
#error clnk Release\stm8s207.lkf:58 Release\ir.o: section boundary crossing (.text:01bc) _SWI2C_Set_deep
#error clnk Release\stm8s207.lkf:58 Release\ir.o: section boundary crossing (.text:01c1) _SWI2C_ProcessPower
#error clnk Release\stm8s207.lkf:58 Release\ir.o: section boundary crossing (.text:0208) c_ltor
#error clnk Release\stm8s207.lkf:58 Release\ir.o: section boundary crossing (.text:020e) c_lcmp
#error clnk Release\stm8s207.lkf:58 Release\ir.o: section boundary crossing (.text:03be) c_ltor
#error clnk Release\stm8s207.lkf:58 Release\ir.o: section boundary crossing (.text:03c4) c_lcmp
#error clnk Release\stm8s207.lkf:58 Release\ir.o: section boundary crossing (.text:03ce) c_lgsbc
#error clnk Release\stm8s207.lkf:58 Release\ir.o: section boundary crossing (.text:03d4) c_ltor
#error clnk Release\stm8s207.lkf:58 Release\ir.o: section boundary crossing (.text:03da) c_lcmp
#error clnk Release\stm8s207.lkf:58 Release\ir.o: section boundary crossing (.text:03e4) c_lgsbc
#error clnk Release\stm8s207.lkf:58 Release\ir.o: section boundary crossing (.text:03ea) c_ltor
#error clnk Release\stm8s207.lkf:58 Release\ir.o: section boundary crossing (.text:03f0) c_lcmp
#error clnk Release\stm8s207.lkf:58 Release\ir.o: section boundary crossing (.text:03fa) c_lgsbc
#error clnk Release\stm8s207.lkf:58 Release\ir.o: section boundary crossing (.text:03fd) _SWI2C_UpdateTimer
#error clnk Release\stm8s207.lkf:58 Release\ir.o: section boundary crossing (.text:0405) c_lgadc
#error clnk Release\stm8s207.lkf:58 Release\ir.o: section boundary crossing (.text:041b) c_uitolx
#error clnk Release\stm8s207.lkf:58 Release\ir.o: section boundary crossing (.text:0421) c_rtol
#error clnk Release\stm8s207.lkf:58 Release\ir.o: section boundary crossing (.text:0427) c_ltor
#error clnk Release\stm8s207.lkf:58 Release\ir.o: section boundary crossing (.text:042d) c_lcmp
#error clnk Release\stm8s207.lkf:59 Release\it680x.o: section boundary crossing (.text:004c) _printf
#error clnk Release\stm8s207.lkf:59 Release\it680x.o: section boundary crossing (.text:0055) _printf
#error clnk Release\stm8s207.lkf:59 Release\it680x.o: section boundary crossing (.text:0079) _printf
#error clnk Release\stm8s207.lkf:59 Release\it680x.o: section boundary crossing (.text:007f) _printf
#error clnk Release\stm8s207.lkf:59 Release\it680x.o: section boundary crossing (.text:008b) _printf
#error clnk Release\stm8s207.lkf:59 Release\it680x.o: section boundary crossing (.text:0092) _printf
#error clnk Release\stm8s207.lkf:59 Release\it680x.o: section boundary crossing (.text:00df) _printf
#error clnk Release\stm8s207.lkf:59 Release\it680x.o: section boundary crossing (.text:00e5) _printf
#error clnk Release\stm8s207.lkf:59 Release\it680x.o: section boundary crossing (.text:00f1) _printf
#error clnk Release\stm8s207.lkf:59 Release\it680x.o: section boundary crossing (.text:00f9) _printf
#error clnk Release\stm8s207.lkf:59 Release\it680x.o: section boundary crossing (.text:0118) _printf
#error clnk Release\stm8s207.lkf:59 Release\it680x.o: section boundary crossing (.text:011e) _printf
#error clnk Release\stm8s207.lkf:59 Release\it680x.o: section boundary crossing (.text:012a) _printf
#error clnk Release\stm8s207.lkf:59 Release\it680x.o: section boundary crossing (.text:0131) _printf
#error clnk Release\stm8s207.lkf:59 Release\it680x.o: section boundary crossing (.text:0154) _printf
#error clnk Release\stm8s207.lkf:59 Release\it680x.o: section boundary crossing (.text:015a) _printf
#error clnk Release\stm8s207.lkf:59 Release\it680x.o: section boundary crossing (.text:0166) _printf
#error clnk Release\stm8s207.lkf:59 Release\it680x.o: section boundary crossing (.text:016d) _printf
#error clnk Release\stm8s207.lkf:59 Release\it680x.o: section boundary crossing (.text:01dd) c_imul
#error clnk Release\stm8s207.lkf:59 Release\it680x.o: section boundary crossing (.text:01ed) c_imul
#error clnk Release\stm8s207.lkf:59 Release\it680x.o: section boundary crossing (.text:0203) c_imul
#error clnk Release\stm8s207.lkf:59 Release\it680x.o: section boundary crossing (.text:021e) c_imul
#error clnk Release\stm8s207.lkf:59 Release\it680x.o: section boundary crossing (.text:022e) c_imul
#error clnk Release\stm8s207.lkf:59 Release\it680x.o: section boundary crossing (.text:0244) c_imul
#error clnk Release\stm8s207.lkf:59 Release\it680x.o: section boundary crossing (.text:0297) _printf
#error clnk Release\stm8s207.lkf:59 Release\it680x.o: section boundary crossing (.text:050b) _printf
#error clnk Release\stm8s207.lkf:59 Release\it680x.o: section boundary crossing (.text:0629) _printf
#error clnk Release\stm8s207.lkf:59 Release\it680x.o: section boundary crossing (.text:0637) _printf
#error clnk Release\stm8s207.lkf:59 Release\it680x.o: section boundary crossing (.text:0647) _printf
#error clnk Release\stm8s207.lkf:59 Release\it680x.o: section boundary crossing (.text:0655) _printf
#error clnk Release\stm8s207.lkf:59 Release\it680x.o: section boundary crossing (.text:06cb) _printf
#error clnk Release\stm8s207.lkf:59 Release\it680x.o: section boundary crossing (.text:06e5) _printf
#error clnk Release\stm8s207.lkf:59 Release\it680x.o: section boundary crossing (.text:06ff) _printf
#error clnk Release\stm8s207.lkf:59 Release\it680x.o: section boundary crossing (.text:070a) _printf
#error clnk Release\stm8s207.lkf:59 Release\it680x.o: section boundary crossing (.text:071e) _printf
#error clnk Release\stm8s207.lkf:59 Release\it680x.o: section boundary crossing (.text:0734) _printf
#error clnk Release\stm8s207.lkf:59 Release\it680x.o: section boundary crossing (.text:074c) _printf
#error clnk Release\stm8s207.lkf:59 Release\it680x.o: section boundary crossing (.text:0766) _printf
#error clnk Release\stm8s207.lkf:59 Release\it680x.o: section boundary crossing (.text:077a) _printf
#error clnk Release\stm8s207.lkf:59 Release\it680x.o: section boundary crossing (.text:0784) _printf
#error clnk Release\stm8s207.lkf:59 Release\it680x.o: section boundary crossing (.text:079e) _printf
#error clnk Release\stm8s207.lkf:59 Release\it680x.o: section boundary crossing (.text:07b6) _printf
#error clnk Release\stm8s207.lkf:59 Release\it680x.o: section boundary crossing (.text:07c4) _printf
#error clnk Release\stm8s207.lkf:59 Release\it680x.o: section boundary crossing (.text:07d5) _printf
#error clnk Release\stm8s207.lkf:59 Release\it680x.o: section boundary crossing (.text:07f1) _printf
#error clnk Release\stm8s207.lkf:59 Release\it680x.o: section boundary crossing (.text:082c) _printf
#error clnk Release\stm8s207.lkf:59 Release\it680x.o: section boundary crossing (.text:0838) _printf
#error clnk Release\stm8s207.lkf:59 Release\it680x.o: section boundary crossing (.text:0846) _printf
#error clnk Release\stm8s207.lkf:59 Release\it680x.o: section boundary crossing (.text:0854) _printf
#error clnk Release\stm8s207.lkf:59 Release\it680x.o: section boundary crossing (.text:0865) _printf
#error clnk Release\stm8s207.lkf:59 Release\it680x.o: section boundary crossing (.text:0876) _printf
#error clnk Release\stm8s207.lkf:59 Release\it680x.o: section boundary crossing (.text:0884) _printf
#error clnk Release\stm8s207.lkf:59 Release\it680x.o: section boundary crossing (.text:0895) _printf
#error clnk Release\stm8s207.lkf:59 Release\it680x.o: section boundary crossing (.text:08d1) _printf
#error clnk Release\stm8s207.lkf:59 Release\it680x.o: section boundary crossing (.text:093a) _printf
#error clnk Release\stm8s207.lkf:59 Release\it680x.o: section boundary crossing (.text:095d) _printf
#error clnk Release\stm8s207.lkf:59 Release\it680x.o: section boundary crossing (.text:0af6) _printf
#error clnk Release\stm8s207.lkf:59 Release\it680x.o: section boundary crossing (.text:0afc) _printf
#error clnk Release\stm8s207.lkf:59 Release\it680x.o: section boundary crossing (.text:0b56) _printf
#error clnk Release\stm8s207.lkf:59 Release\it680x.o: section boundary crossing (.text:0bb9) _printf
#error clnk Release\stm8s207.lkf:59 Release\it680x.o: section boundary crossing (.text:0d0a) _printf
#error clnk Release\stm8s207.lkf:59 Release\it680x.o: section boundary crossing (.text:0d10) _printf
#error clnk Release\stm8s207.lkf:59 Release\it680x.o: section boundary crossing (.text:0df3) _printf
#error clnk Release\stm8s207.lkf:59 Release\it680x.o: section boundary crossing (.text:0dfd) _printf
#error clnk Release\stm8s207.lkf:59 Release\it680x.o: section boundary crossing (.text:0e18) _printf
#error clnk Release\stm8s207.lkf:59 Release\it680x.o: section boundary crossing (.text:0e41) _printf
#error clnk Release\stm8s207.lkf:59 Release\it680x.o: section boundary crossing (.text:0e6a) _printf
#error clnk Release\stm8s207.lkf:59 Release\it680x.o: section boundary crossing (.text:0e93) _printf
#error clnk Release\stm8s207.lkf:59 Release\it680x.o: section boundary crossing (.text:0ef5) _printf
#error clnk Release\stm8s207.lkf:59 Release\it680x.o: section boundary crossing (.text:0f04) _printf
#error clnk Release\stm8s207.lkf:59 Release\it680x.o: section boundary crossing (.text:0f13) _printf
#error clnk Release\stm8s207.lkf:59 Release\it680x.o: section boundary crossing (.text:1062) _printf
#error clnk Release\stm8s207.lkf:59 Release\it680x.o: section boundary crossing (.text:10b0) _printf
#error clnk Release\stm8s207.lkf:59 Release\it680x.o: section boundary crossing (.text:1128) _printf
#error clnk Release\stm8s207.lkf:59 Release\it680x.o: section boundary crossing (.text:1144) _printf
#error clnk Release\stm8s207.lkf:59 Release\it680x.o: section boundary crossing (.text:12f1) _printf
#error clnk Release\stm8s207.lkf:59 Release\it680x.o: section boundary crossing (.text:12f9) _printf
#error clnk Release\stm8s207.lkf:59 Release\it680x.o: section boundary crossing (.text:130e) _printf
#error clnk Release\stm8s207.lkf:59 Release\it680x.o: section boundary crossing (.text:1342) _printf
#error clnk Release\stm8s207.lkf:59 Release\it680x.o: section boundary crossing (.text:1384) _printf
#error clnk Release\stm8s207.lkf:59 Release\it680x.o: section boundary crossing (.text:1390) _printf
#error clnk Release\stm8s207.lkf:59 Release\it680x.o: section boundary crossing (.text:1398) _printf
#error clnk Release\stm8s207.lkf:59 Release\it680x.o: section boundary crossing (.text:13a0) _printf
#error clnk Release\stm8s207.lkf:59 Release\it680x.o: section boundary crossing (.text:13aa) _printf
#error clnk Release\stm8s207.lkf:59 Release\it680x.o: section boundary crossing (.text:13f6) _printf
#error clnk Release\stm8s207.lkf:59 Release\it680x.o: section boundary crossing (.text:140c) _printf
#error clnk Release\stm8s207.lkf:59 Release\it680x.o: section boundary crossing (.text:141e) _printf
#error clnk Release\stm8s207.lkf:59 Release\it680x.o: section boundary crossing (.text:1435) _printf
#error clnk Release\stm8s207.lkf:59 Release\it680x.o: section boundary crossing (.text:1465) _printf
#error clnk Release\stm8s207.lkf:59 Release\it680x.o: section boundary crossing (.text:1472) _printf
#error clnk Release\stm8s207.lkf:59 Release\it680x.o: section boundary crossing (.text:149e) _printf
#error clnk Release\stm8s207.lkf:59 Release\it680x.o: section boundary crossing (.text:14ee) _printf
#error clnk Release\stm8s207.lkf:59 Release\it680x.o: section boundary crossing (.text:1524) _printf
#error clnk Release\stm8s207.lkf:59 Release\it680x.o: section boundary crossing (.text:152e) _printf
#error clnk Release\stm8s207.lkf:59 Release\it680x.o: section boundary crossing (.text:153a) _printf
#error clnk Release\stm8s207.lkf:59 Release\it680x.o: section boundary crossing (.text:1541) _printf
#error clnk Release\stm8s207.lkf:59 Release\it680x.o: section boundary crossing (.text:156c) _printf
#error clnk Release\stm8s207.lkf:59 Release\it680x.o: section boundary crossing (.text:157c) _printf
#error clnk Release\stm8s207.lkf:59 Release\it680x.o: section boundary crossing (.text:158e) _printf
#error clnk Release\stm8s207.lkf:59 Release\it680x.o: section boundary crossing (.text:159f) _printf
#error clnk Release\stm8s207.lkf:59 Release\it680x.o: section boundary crossing (.text:15a6) _printf
#error clnk Release\stm8s207.lkf:59 Release\it680x.o: section boundary crossing (.text:15b5) _printf
#error clnk Release\stm8s207.lkf:59 Release\it680x.o: section boundary crossing (.text:15c6) _printf
#error clnk Release\stm8s207.lkf:59 Release\it680x.o: section boundary crossing (.text:15d8) _printf
#error clnk Release\stm8s207.lkf:59 Release\it680x.o: section boundary crossing (.text:15eb) _printf
#error clnk Release\stm8s207.lkf:59 Release\it680x.o: section boundary crossing (.text:15fc) _printf
#error clnk Release\stm8s207.lkf:59 Release\it680x.o: section boundary crossing (.text:160e) _printf
#error clnk Release\stm8s207.lkf:59 Release\it680x.o: section boundary crossing (.text:1615) _printf
#error clnk Release\stm8s207.lkf:59 Release\it680x.o: section boundary crossing (.text:1624) _printf
#error clnk Release\stm8s207.lkf:59 Release\it680x.o: section boundary crossing (.text:1635) _printf
#error clnk Release\stm8s207.lkf:59 Release\it680x.o: section boundary crossing (.text:1642) _printf
#error clnk Release\stm8s207.lkf:59 Release\it680x.o: section boundary crossing (.text:1651) _printf
#error clnk Release\stm8s207.lkf:59 Release\it680x.o: section boundary crossing (.text:1662) _printf
#error clnk Release\stm8s207.lkf:59 Release\it680x.o: section boundary crossing (.text:1674) _printf
#error clnk Release\stm8s207.lkf:59 Release\it680x.o: section boundary crossing (.text:1687) _printf
#error clnk Release\stm8s207.lkf:59 Release\it680x.o: section boundary crossing (.text:1690) _printf
#error clnk Release\stm8s207.lkf:59 Release\it680x.o: section boundary crossing (.text:1696) _printf
#error clnk Release\stm8s207.lkf:59 Release\it680x.o: section boundary crossing (.text:16a5) _printf
#error clnk Release\stm8s207.lkf:59 Release\it680x.o: section boundary crossing (.text:16b6) _printf
#error clnk Release\stm8s207.lkf:59 Release\it680x.o: section boundary crossing (.text:16c8) _printf
#error clnk Release\stm8s207.lkf:59 Release\it680x.o: section boundary crossing (.text:16db) _printf
#error clnk Release\stm8s207.lkf:59 Release\it680x.o: section boundary crossing (.text:16ec) _printf
#error clnk Release\stm8s207.lkf:59 Release\it680x.o: section boundary crossing (.text:16fe) _printf
#error clnk Release\stm8s207.lkf:59 Release\it680x.o: section boundary crossing (.text:1711) _printf
#error clnk Release\stm8s207.lkf:59 Release\it680x.o: section boundary crossing (.text:1724) _printf
#error clnk Release\stm8s207.lkf:59 Release\it680x.o: section boundary crossing (.text:1734) _printf
#error clnk Release\stm8s207.lkf:59 Release\it680x.o: section boundary crossing (.text:173b) _printf
#error clnk Release\stm8s207.lkf:59 Release\it680x.o: section boundary crossing (.text:174a) _printf
#error clnk Release\stm8s207.lkf:59 Release\it680x.o: section boundary crossing (.text:175b) _printf
#error clnk Release\stm8s207.lkf:59 Release\it680x.o: section boundary crossing (.text:176d) _printf
#error clnk Release\stm8s207.lkf:59 Release\it680x.o: section boundary crossing (.text:1780) _printf
#error clnk Release\stm8s207.lkf:59 Release\it680x.o: section boundary crossing (.text:1791) _printf
#error clnk Release\stm8s207.lkf:59 Release\it680x.o: section boundary crossing (.text:17a2) _printf
#error clnk Release\stm8s207.lkf:59 Release\it680x.o: section boundary crossing (.text:17b4) _printf
#error clnk Release\stm8s207.lkf:59 Release\it680x.o: section boundary crossing (.text:17c5) _printf
#error clnk Release\stm8s207.lkf:59 Release\it680x.o: section boundary crossing (.text:17d7) _printf
#error clnk Release\stm8s207.lkf:59 Release\it680x.o: section boundary crossing (.text:17e2) _printf
#error clnk Release\stm8s207.lkf:59 Release\it680x.o: section boundary crossing (.text:182a) _printf
#error clnk Release\stm8s207.lkf:59 Release\it680x.o: section boundary crossing (.text:183a) _printf
#error clnk Release\stm8s207.lkf:59 Release\it680x.o: section boundary crossing (.text:18c7) _printf
#error clnk Release\stm8s207.lkf:59 Release\it680x.o: section boundary crossing (.text:1962) _printf
#error clnk Release\stm8s207.lkf:59 Release\it680x.o: section boundary crossing (.text:19df) _printf
#error clnk Release\stm8s207.lkf:59 Release\it680x.o: section boundary crossing (.text:1a5c) _printf
#error clnk Release\stm8s207.lkf:59 Release\it680x.o: section boundary crossing (.text:1ad9) _printf
#error clnk Release\stm8s207.lkf:59 Release\it680x.o: section boundary crossing (.text:1b2d) _printf
#error clnk Release\stm8s207.lkf:59 Release\it680x.o: section boundary crossing (.text:1b8a) _printf
#error clnk Release\stm8s207.lkf:59 Release\it680x.o: section boundary crossing (.text:1bba) _printf
#error clnk Release\stm8s207.lkf:59 Release\it680x.o: section boundary crossing (.text:1bfa) _printf
#error clnk Release\stm8s207.lkf:59 Release\it680x.o: section boundary crossing (.text:1bfe) _HDMI_HotPlug
#error clnk Release\stm8s207.lkf:59 Release\it680x.o: section boundary crossing (.text:1c1a) _printf
#error clnk Release\stm8s207.lkf:59 Release\it680x.o: section boundary crossing (.text:1c1f) _HDMI_HotPlug
#error clnk Release\stm8s207.lkf:59 Release\it680x.o: section boundary crossing (.text:1c44) _printf
#error clnk Release\stm8s207.lkf:59 Release\it680x.o: section boundary crossing (.text:1c6d) _printf
#error clnk Release\stm8s207.lkf:59 Release\it680x.o: section boundary crossing (.text:1c82) _printf
#error clnk Release\stm8s207.lkf:59 Release\it680x.o: section boundary crossing (.text:1c94) _printf
#error clnk Release\stm8s207.lkf:59 Release\it680x.o: section boundary crossing (.text:1cc3) _printf
#error clnk Release\stm8s207.lkf:59 Release\it680x.o: section boundary crossing (.text:1df6) c_idiv
#error clnk Release\stm8s207.lkf:59 Release\it680x.o: section boundary crossing (.text:1e17) c_idiv
#error clnk Release\stm8s207.lkf:59 Release\it680x.o: section boundary crossing (.text:1f55) _printf
#error clnk Release\stm8s207.lkf:59 Release\it680x.o: section boundary crossing (.text:1f89) _printf
#error clnk Release\stm8s207.lkf:59 Release\it680x.o: section boundary crossing (.text:1fbd) _printf
#error clnk Release\stm8s207.lkf:59 Release\it680x.o: section boundary crossing (.text:1fda) c_smodx
#error clnk Release\stm8s207.lkf:59 Release\it680x.o: section boundary crossing (.text:1fea) c_smody
#error clnk Release\stm8s207.lkf:59 Release\it680x.o: section boundary crossing (.text:1ffe) c_smodx
#error clnk Release\stm8s207.lkf:59 Release\it680x.o: section boundary crossing (.text:2026) c_smodx
#error clnk Release\stm8s207.lkf:59 Release\it680x.o: section boundary crossing (.text:2034) c_smody
#error clnk Release\stm8s207.lkf:59 Release\it680x.o: section boundary crossing (.text:2051) c_smodx
#error clnk Release\stm8s207.lkf:59 Release\it680x.o: section boundary crossing (.text:2061) _printf
#error clnk Release\stm8s207.lkf:59 Release\it680x.o: section boundary crossing (.text:20a3) _printf
#error clnk Release\stm8s207.lkf:59 Release\it680x.o: section boundary crossing (.text:214b) _printf
#error clnk Release\stm8s207.lkf:59 Release\it680x.o: section boundary crossing (.text:2157) _printf
#error clnk Release\stm8s207.lkf:59 Release\it680x.o: section boundary crossing (.text:2165) _printf
#error clnk Release\stm8s207.lkf:59 Release\it680x.o: section boundary crossing (.text:2182) _printf
#error clnk Release\stm8s207.lkf:59 Release\it680x.o: section boundary crossing (.text:218e) _printf
#error clnk Release\stm8s207.lkf:59 Release\it680x.o: section boundary crossing (.text:219c) _printf
#error clnk Release\stm8s207.lkf:59 Release\it680x.o: section boundary crossing (.text:21b9) _printf
#error clnk Release\stm8s207.lkf:59 Release\it680x.o: section boundary crossing (.text:21ca) _printf
#error clnk Release\stm8s207.lkf:59 Release\it680x.o: section boundary crossing (.text:21d6) _printf
#error clnk Release\stm8s207.lkf:59 Release\it680x.o: section boundary crossing (.text:21e2) _printf
#error clnk Release\stm8s207.lkf:59 Release\it680x.o: section boundary crossing (.text:21ee) _printf
#error clnk Release\stm8s207.lkf:59 Release\it680x.o: section boundary crossing (.text:21fc) _printf
#error clnk Release\stm8s207.lkf:59 Release\it680x.o: section boundary crossing (.text:221c) _printf
#error clnk Release\stm8s207.lkf:59 Release\it680x.o: section boundary crossing (.text:2228) _printf
#error clnk Release\stm8s207.lkf:59 Release\it680x.o: section boundary crossing (.text:2246) _printf
#error clnk Release\stm8s207.lkf:59 Release\it680x.o: section boundary crossing (.text:2252) _printf
#error clnk Release\stm8s207.lkf:59 Release\it680x.o: section boundary crossing (.text:2268) _printf
#error clnk Release\stm8s207.lkf:59 Release\it680x.o: section boundary crossing (.text:2289) _printf
#error clnk Release\stm8s207.lkf:59 Release\it680x.o: section boundary crossing (.text:2295) _printf
#error clnk Release\stm8s207.lkf:59 Release\it680x.o: section boundary crossing (.text:22c3) _printf
#error clnk Release\stm8s207.lkf:59 Release\it680x.o: section boundary crossing (.text:22cf) _printf
#error clnk Release\stm8s207.lkf:59 Release\it680x.o: section boundary crossing (.text:22db) _printf
#error clnk Release\stm8s207.lkf:59 Release\it680x.o: section boundary crossing (.text:22e7) _printf
#error clnk Release\stm8s207.lkf:59 Release\it680x.o: section boundary crossing (.text:232f) _printf
#error clnk Release\stm8s207.lkf:59 Release\it680x.o: section boundary crossing (.text:235f) _printf
#error clnk Release\stm8s207.lkf:59 Release\it680x.o: section boundary crossing (.text:2365) _printf
#error clnk Release\stm8s207.lkf:59 Release\it680x.o: section boundary crossing (.text:236f) _printf
#error clnk Release\stm8s207.lkf:59 Release\it680x.o: section boundary crossing (.text:237e) _printf
#error clnk Release\stm8s207.lkf:59 Release\it680x.o: section boundary crossing (.text:238f) _printf
#error clnk Release\stm8s207.lkf:59 Release\it680x.o: section boundary crossing (.text:23a6) _printf
#error clnk Release\stm8s207.lkf:59 Release\it680x.o: section boundary crossing (.text:23dc) _printf
#error clnk Release\stm8s207.lkf:59 Release\it680x.o: section boundary crossing (.text:23f0) _printf
#error clnk Release\stm8s207.lkf:59 Release\it680x.o: section boundary crossing (.text:23fd) _printf
#error clnk Release\stm8s207.lkf:59 Release\it680x.o: section boundary crossing (.text:2411) _printf
#error clnk Release\stm8s207.lkf:59 Release\it680x.o: section boundary crossing (.text:2422) _printf
#error clnk Release\stm8s207.lkf:59 Release\it680x.o: section boundary crossing (.text:242c) _printf
#error clnk Release\stm8s207.lkf:59 Release\it680x.o: section boundary crossing (.text:243f) _printf
#error clnk Release\stm8s207.lkf:59 Release\it680x.o: section boundary crossing (.text:244c) _printf
#error clnk Release\stm8s207.lkf:59 Release\it680x.o: section boundary crossing (.text:2462) _printf
#error clnk Release\stm8s207.lkf:59 Release\it680x.o: section boundary crossing (.text:2471) _printf
#error clnk Release\stm8s207.lkf:59 Release\it680x.o: section boundary crossing (.text:24a3) _printf
#error clnk Release\stm8s207.lkf:59 Release\it680x.o: section boundary crossing (.text:24b8) _printf
#error clnk Release\stm8s207.lkf:59 Release\it680x.o: section boundary crossing (.text:24e8) _printf
#error clnk Release\stm8s207.lkf:59 Release\it680x.o: section boundary crossing (.text:24ef) _printf
#error clnk Release\stm8s207.lkf:59 Release\it680x.o: section boundary crossing (.text:24fb) _printf
#error clnk Release\stm8s207.lkf:59 Release\it680x.o: section boundary crossing (.text:2501) _printf
#error clnk Release\stm8s207.lkf:59 Release\it680x.o: section boundary crossing (.text:2524) _printf
#error clnk Release\stm8s207.lkf:59 Release\it680x.o: section boundary crossing (.text:2539) _printf
#error clnk Release\stm8s207.lkf:59 Release\it680x.o: section boundary crossing (.text:2542) _printf
#error clnk Release\stm8s207.lkf:59 Release\it680x.o: section boundary crossing (.text:2593) _printf
#error clnk Release\stm8s207.lkf:59 Release\it680x.o: section boundary crossing (.text:25a8) _printf
#error clnk Release\stm8s207.lkf:59 Release\it680x.o: section boundary crossing (.text:25c6) _printf
#error clnk Release\stm8s207.lkf:59 Release\it680x.o: section boundary crossing (.text:264d) _printf
#error clnk Release\stm8s207.lkf:59 Release\it680x.o: section boundary crossing (.text:265d) _printf
#error clnk Release\stm8s207.lkf:59 Release\it680x.o: section boundary crossing (.text:266e) _printf
#error clnk Release\stm8s207.lkf:59 Release\it680x.o: section boundary crossing (.text:267f) _printf
#error clnk Release\stm8s207.lkf:59 Release\it680x.o: section boundary crossing (.text:268f) _printf
#error clnk Release\stm8s207.lkf:59 Release\it680x.o: section boundary crossing (.text:269b) _printf
#error clnk Release\stm8s207.lkf:59 Release\it680x.o: section boundary crossing (.text:26a7) _printf
#error clnk Release\stm8s207.lkf:59 Release\it680x.o: section boundary crossing (.text:26b9) _printf
#error clnk Release\stm8s207.lkf:59 Release\it680x.o: section boundary crossing (.text:26d2) _printf
#error clnk Release\stm8s207.lkf:59 Release\it680x.o: section boundary crossing (.text:26e2) _printf
#error clnk Release\stm8s207.lkf:59 Release\it680x.o: section boundary crossing (.text:26f3) _printf
#error clnk Release\stm8s207.lkf:59 Release\it680x.o: section boundary crossing (.text:2704) _printf
#error clnk Release\stm8s207.lkf:59 Release\it680x.o: section boundary crossing (.text:2710) _printf
#error clnk Release\stm8s207.lkf:59 Release\it680x.o: section boundary crossing (.text:2720) _printf
#error clnk Release\stm8s207.lkf:59 Release\it680x.o: section boundary crossing (.text:272c) _printf
#error clnk Release\stm8s207.lkf:59 Release\it680x.o: section boundary crossing (.text:273e) _printf
#error clnk Release\stm8s207.lkf:59 Release\it680x.o: section boundary crossing (.text:2754) _printf
#error clnk Release\stm8s207.lkf:59 Release\it680x.o: section boundary crossing (.text:2763) _printf
#error clnk Release\stm8s207.lkf:59 Release\it680x.o: section boundary crossing (.text:276f) _printf
#error clnk Release\stm8s207.lkf:59 Release\it680x.o: section boundary crossing (.text:2783) _printf
#error clnk Release\stm8s207.lkf:59 Release\it680x.o: section boundary crossing (.text:2799) _printf
#error clnk Release\stm8s207.lkf:59 Release\it680x.o: section boundary crossing (.text:27bb) _printf
#error clnk Release\stm8s207.lkf:59 Release\it680x.o: section boundary crossing (.text:27cd) _printf
#error clnk Release\stm8s207.lkf:59 Release\it680x.o: section boundary crossing (.text:27d9) _printf
#error clnk Release\stm8s207.lkf:59 Release\it680x.o: section boundary crossing (.text:27e5) _printf
#error clnk Release\stm8s207.lkf:59 Release\it680x.o: section boundary crossing (.text:27f1) _printf
#error clnk Release\stm8s207.lkf:59 Release\it680x.o: section boundary crossing (.text:27fd) _printf
#error clnk Release\stm8s207.lkf:59 Release\it680x.o: section boundary crossing (.text:2809) _printf
#error clnk Release\stm8s207.lkf:59 Release\it680x.o: section boundary crossing (.text:281a) _printf
#error clnk Release\stm8s207.lkf:59 Release\it680x.o: section boundary crossing (.text:282f) _printf
#error clnk Release\stm8s207.lkf:59 Release\it680x.o: section boundary crossing (.text:2849) _printf
#error clnk Release\stm8s207.lkf:59 Release\it680x.o: section boundary crossing (.text:285a) _printf
#error clnk Release\stm8s207.lkf:59 Release\it680x.o: section boundary crossing (.text:2866) _printf
#error clnk Release\stm8s207.lkf:59 Release\it680x.o: section boundary crossing (.text:2872) _printf
#error clnk Release\stm8s207.lkf:59 Release\it680x.o: section boundary crossing (.text:287e) _printf
#error clnk Release\stm8s207.lkf:59 Release\it680x.o: section boundary crossing (.text:288a) _printf
#error clnk Release\stm8s207.lkf:59 Release\it680x.o: section boundary crossing (.text:289e) _printf
#error clnk Release\stm8s207.lkf:59 Release\it680x.o: section boundary crossing (.text:28c2) _printf
#error clnk Release\stm8s207.lkf:59 Release\it680x.o: section boundary crossing (.text:28e2) _printf
#error clnk Release\stm8s207.lkf:59 Release\it680x.o: section boundary crossing (.text:2902) _printf
#error clnk Release\stm8s207.lkf:59 Release\it680x.o: section boundary crossing (.text:291a) _printf
#error clnk Release\stm8s207.lkf:59 Release\it680x.o: section boundary crossing (.text:2938) _printf
#error clnk Release\stm8s207.lkf:59 Release\it680x.o: section boundary crossing (.text:2958) _printf
#error clnk Release\stm8s207.lkf:59 Release\it680x.o: section boundary crossing (.text:2978) _printf
#error clnk Release\stm8s207.lkf:59 Release\it680x.o: section boundary crossing (.text:2a46) _printf
#error clnk Release\stm8s207.lkf:59 Release\it680x.o: section boundary crossing (.text:2a5c) _printf
#error clnk Release\stm8s207.lkf:59 Release\it680x.o: section boundary crossing (.text:2a72) _printf
#error clnk Release\stm8s207.lkf:59 Release\it680x.o: section boundary crossing (.text:2a88) _printf
#error clnk Release\stm8s207.lkf:59 Release\it680x.o: section boundary crossing (.text:2b76) c_ltor
#error clnk Release\stm8s207.lkf:59 Release\it680x.o: section boundary crossing (.text:2b79) c_ftoi
#error clnk Release\stm8s207.lkf:59 Release\it680x.o: section boundary crossing (.text:2bfa) _printf
#error clnk Release\stm8s207.lkf:59 Release\it680x.o: section boundary crossing (.text:2c13) _printf
#error clnk Release\stm8s207.lkf:59 Release\it680x.o: section boundary crossing (.text:2c2e) _printf
#error clnk Release\stm8s207.lkf:59 Release\it680x.o: section boundary crossing (.text:2c58) _printf
#error clnk Release\stm8s207.lkf:59 Release\it680x.o: section boundary crossing (.text:2c7f) c_imul
#error clnk Release\stm8s207.lkf:59 Release\it680x.o: section boundary crossing (.text:2c9f) _printf
#error clnk Release\stm8s207.lkf:59 Release\it680x.o: section boundary crossing (.text:2cca) _printf
#error clnk Release\stm8s207.lkf:59 Release\it680x.o: section boundary crossing (.text:2cfe) _printf
#error clnk Release\stm8s207.lkf:59 Release\it680x.o: section boundary crossing (.text:2d08) _printf
#error clnk Release\stm8s207.lkf:59 Release\it680x.o: section boundary crossing (.text:2d13) _printf
#error clnk Release\stm8s207.lkf:59 Release\it680x.o: section boundary crossing (.text:2d1e) _printf
#error clnk Release\stm8s207.lkf:59 Release\it680x.o: section boundary crossing (.text:2d29) _printf
#error clnk Release\stm8s207.lkf:59 Release\it680x.o: section boundary crossing (.text:2d34) _printf
#error clnk Release\stm8s207.lkf:59 Release\it680x.o: section boundary crossing (.text:2d3f) _printf
#error clnk Release\stm8s207.lkf:59 Release\it680x.o: section boundary crossing (.text:2d4a) _printf
#error clnk Release\stm8s207.lkf:59 Release\it680x.o: section boundary crossing (.text:2d55) _printf
#error clnk Release\stm8s207.lkf:59 Release\it680x.o: section boundary crossing (.text:2d60) _printf
#error clnk Release\stm8s207.lkf:59 Release\it680x.o: section boundary crossing (.text:2d6b) _printf
#error clnk Release\stm8s207.lkf:59 Release\it680x.o: section boundary crossing (.text:2d7e) _printf
#error clnk Release\stm8s207.lkf:59 Release\it680x.o: section boundary crossing (.text:2d8e) _printf
#error clnk Release\stm8s207.lkf:59 Release\it680x.o: section boundary crossing (.text:2d9e) _printf
#error clnk Release\stm8s207.lkf:59 Release\it680x.o: section boundary crossing (.text:2daa) _printf
#error clnk Release\stm8s207.lkf:59 Release\it680x.o: section boundary crossing (.text:2db7) _printf
#error clnk Release\stm8s207.lkf:59 Release\it680x.o: section boundary crossing (.text:2dc4) _printf
#error clnk Release\stm8s207.lkf:59 Release\it680x.o: section boundary crossing (.text:2dd1) _printf
#error clnk Release\stm8s207.lkf:59 Release\it680x.o: section boundary crossing (.text:2e6f) _printf
#error clnk Release\stm8s207.lkf:59 Release\it680x.o: section boundary crossing (.text:2e7a) _printf
#error clnk Release\stm8s207.lkf:59 Release\it680x.o: section boundary crossing (.text:2e86) _printf
#error clnk Release\stm8s207.lkf:59 Release\it680x.o: section boundary crossing (.text:2e92) _printf
#error clnk Release\stm8s207.lkf:59 Release\it680x.o: section boundary crossing (.text:2e9e) _printf
#error clnk Release\stm8s207.lkf:59 Release\it680x.o: section boundary crossing (.text:2eaa) _printf
#error clnk Release\stm8s207.lkf:59 Release\it680x.o: section boundary crossing (.text:2eb6) _printf
#error clnk Release\stm8s207.lkf:59 Release\it680x.o: section boundary crossing (.text:2ec2) _printf
#error clnk Release\stm8s207.lkf:59 Release\it680x.o: section boundary crossing (.text:2ece) _printf
#error clnk Release\stm8s207.lkf:59 Release\it680x.o: section boundary crossing (.text:2eda) _printf
#error clnk Release\stm8s207.lkf:59 Release\it680x.o: section boundary crossing (.text:2ee6) _printf
#error clnk Release\stm8s207.lkf:59 Release\it680x.o: section boundary crossing (.text:2ef2) _printf
#error clnk Release\stm8s207.lkf:59 Release\it680x.o: section boundary crossing (.text:2efe) _printf
#error clnk Release\stm8s207.lkf:59 Release\it680x.o: section boundary crossing (.text:2fdb) _printf
#error clnk Release\stm8s207.lkf:59 Release\it680x.o: section boundary crossing (.text:302b) _printf
#error clnk Release\stm8s207.lkf:59 Release\it680x.o: section boundary crossing (.text:307f) _printf
#error clnk Release\stm8s207.lkf:59 Release\it680x.o: section boundary crossing (.text:3097) _printf
#error clnk Release\stm8s207.lkf:59 Release\it680x.o: section boundary crossing (.text:30a2) _printf
#error clnk Release\stm8s207.lkf:59 Release\it680x.o: section boundary crossing (.text:30ae) _printf
#error clnk Release\stm8s207.lkf:59 Release\it680x.o: section boundary crossing (.text:30ba) _printf
#error clnk Release\stm8s207.lkf:59 Release\it680x.o: section boundary crossing (.text:30c6) _printf
#error clnk Release\stm8s207.lkf:59 Release\it680x.o: section boundary crossing (.text:30d2) _printf
#error clnk Release\stm8s207.lkf:59 Release\it680x.o: section boundary crossing (.text:30de) _printf
#error clnk Release\stm8s207.lkf:59 Release\it680x.o: section boundary crossing (.text:30ea) _printf
#error clnk Release\stm8s207.lkf:59 Release\it680x.o: section boundary crossing (.text:30f6) _printf
#error clnk Release\stm8s207.lkf:59 Release\it680x.o: section boundary crossing (.text:3102) _printf
#error clnk Release\stm8s207.lkf:59 Release\it680x.o: section boundary crossing (.text:310e) _printf
#error clnk Release\stm8s207.lkf:59 Release\it680x.o: section boundary crossing (.text:311a) _printf
#error clnk Release\stm8s207.lkf:61 Release\stm8s_clk.o: section boundary crossing (.text:0038) c_rtol
#error clnk Release\stm8s207.lkf:61 Release\stm8s_clk.o: section boundary crossing (.text:0047) c_ludv
#error clnk Release\stm8s207.lkf:61 Release\stm8s_clk.o: section boundary crossing (.text:004e) c_rtol
#error clnk Release\stm8s207.lkf:61 Release\stm8s_clk.o: section boundary crossing (.text:006f) c_ltor
#error clnk Release\stm8s207.lkf:67 Release\sw_i2c.o: section boundary crossing (.text:0336) c_ltor
#error clnk Release\stm8s207.lkf:67 Release\sw_i2c.o: section boundary crossing (.text:033c) c_lcmp
#error clnk Release\stm8s207.lkf:67 Release\sw_i2c.o: section boundary crossing (.text:0361) c_ltor
#error clnk Release\stm8s207.lkf:67 Release\sw_i2c.o: section boundary crossing (.text:0367) c_lcmp
#error clnk Release\stm8s207.lkf:67 Release\sw_i2c.o: section boundary crossing (.text:03f3) _IR_DelayNMiliseconds
#error clnk Release\stm8s207.lkf:67 Release\sw_i2c.o: section boundary crossing (.text:03fb) _GPIO_WriteHigh
#error clnk Release\stm8s207.lkf:67 Release\sw_i2c.o: section boundary crossing (.text:0404) _GPIO_WriteHigh
#error clnk Release\stm8s207.lkf:67 Release\sw_i2c.o: section boundary crossing (.text:040b) _IR_DelayNMiliseconds
#error clnk Release\stm8s207.lkf:67 Release\sw_i2c.o: section boundary crossing (.text:0411) _IT6802_fsm_init
#error clnk Release\stm8s207.lkf:67 Release\sw_i2c.o: section boundary crossing (.text:0416) _SWI2C_TestDevice
#error clnk Release\stm8s207.lkf:67 Release\sw_i2c.o: section boundary crossing (.text:041e) _SWI2C_TestDevice
#error clnk Release\stm8s207.lkf:67 Release\sw_i2c.o: section boundary crossing (.text:0426) _SWI2C_TestDevice
#error clnk Release\stm8s207.lkf:67 Release\sw_i2c.o: section boundary crossing (.text:0431) _GPIO_WriteHigh
#error clnk Release\stm8s207.lkf:67 Release\sw_i2c.o: section boundary crossing (.text:043f) _SWI2C_SystemPowerUp
#error clnk Release\stm8s207.lkf:67 Release\sw_i2c.o: section boundary crossing (.text:0445) _GPIO_WriteHigh
#error clnk Release\stm8s207.lkf:67 Release\sw_i2c.o: section boundary crossing (.text:044c) _IR_DelayNMiliseconds
#error clnk Release\stm8s207.lkf:67 Release\sw_i2c.o: section boundary crossing (.text:0454) _GPIO_WriteLow
#error clnk Release\stm8s207.lkf:67 Release\sw_i2c.o: section boundary crossing (.text:045d) _GPIO_WriteHigh
#error clnk Release\stm8s207.lkf:67 Release\sw_i2c.o: section boundary crossing (.text:0466) _GPIO_WriteHigh
#error clnk Release\stm8s207.lkf:67 Release\sw_i2c.o: section boundary crossing (.text:046f) _GPIO_WriteLow
#error clnk Release\stm8s207.lkf:67 Release\sw_i2c.o: section boundary crossing (.text:0494) _GPIO_WriteHigh
#error clnk Release\stm8s207.lkf:67 Release\sw_i2c.o: section boundary crossing (.text:049e) _GPIO_WriteLow
#error clnk Release\stm8s207.lkf:67 Release\sw_i2c.o: section boundary crossing (.text:04a7) _GPIO_WriteHigh
#error clnk Release\stm8s207.lkf:67 Release\sw_i2c.o: section boundary crossing (.text:04b3) _SWI2C_SystemPowerUp
#error clnk Release\stm8s207.lkf:67 Release\sw_i2c.o: section boundary crossing (.text:04ca) _SWI2C_WriteByte
#error clnk Release\stm8s207.lkf:67 Release\sw_i2c.o: section boundary crossing (.text:04d7) _SWI2C_ReadByte
#error clnk Release\stm8s207.lkf:67 Release\sw_i2c.o: section boundary crossing (.text:0502) _SWI2C_WriteByte
#error clnk Release\stm8s207.lkf:67 Release\sw_i2c.o: section boundary crossing (.text:050e) _SWI2C_WriteByte
#error clnk Release\stm8s207.lkf:67 Release\sw_i2c.o: section boundary crossing (.text:051a) _SWI2C_WriteByte
#error clnk Release\stm8s207.lkf:67 Release\sw_i2c.o: section boundary crossing (.text:0526) _SWI2C_WriteByte
#error clnk Release\stm8s207.lkf:67 Release\sw_i2c.o: section boundary crossing (.text:0532) _SWI2C_WriteByte
#error clnk Release\stm8s207.lkf:67 Release\sw_i2c.o: section boundary crossing (.text:053e) _SWI2C_WriteByte
#error clnk Release\stm8s207.lkf:67 Release\sw_i2c.o: section boundary crossing (.text:054a) _SWI2C_WriteByte
#error clnk Release\stm8s207.lkf:67 Release\sw_i2c.o: section boundary crossing (.text:0556) _SWI2C_WriteByte
#error clnk Release\stm8s207.lkf:67 Release\sw_i2c.o: section boundary crossing (.text:0562) _SWI2C_WriteByte
#error clnk Release\stm8s207.lkf:67 Release\sw_i2c.o: section boundary crossing (.text:056e) _SWI2C_WriteByte
#error clnk Release\stm8s207.lkf:67 Release\sw_i2c.o: section boundary crossing (.text:057a) _SWI2C_WriteByte
#error clnk Release\stm8s207.lkf:67 Release\sw_i2c.o: section boundary crossing (.text:0586) _SWI2C_WriteByte
#error clnk Release\stm8s207.lkf:67 Release\sw_i2c.o: section boundary crossing (.text:0592) _SWI2C_WriteByte
#error clnk Release\stm8s207.lkf:67 Release\sw_i2c.o: section boundary crossing (.text:05a4) _GPIO_WriteHigh
#error clnk Release\stm8s207.lkf:67 Release\sw_i2c.o: section boundary crossing (.text:05ae) _GPIO_WriteLow
#error clnk Release\stm8s207.lkf:67 Release\sw_i2c.o: section boundary crossing (.text:05c2) _SWI2C_WriteByte
#error clnk Release\stm8s207.lkf:67 Release\sw_i2c.o: section boundary crossing (.text:05d6) _SWI2C_WriteByte
#error clnk Release\stm8s207.lkf:67 Release\sw_i2c.o: section boundary crossing (.text:05ea) _SWI2C_WriteByte
#error clnk Release\stm8s207.lkf:26472 (C:\Program Files (x86)\COSMIC\CXSTM8_32K\Lib\libisl0.sm8)cprint.o: section boundary crossing (.text:00e5) _putchar
#error clnk Release\stm8s207.lkf:26472 (C:\Program Files (x86)\COSMIC\CXSTM8_32K\Lib\libisl0.sm8)cprint.o: section boundary crossing (.text:00f1) _putchar
